**Tuesday 24th of September 2013 05:04:27 PM Operador: abcd
/central/common/inicio.php C:/ABCD/www/htdocs/central/dataentry/wxis/login.xis IsisScript=C:/ABCD/www/htdocs/central/dataentry/wxis/login.xis&base=acces&cipar=\ABCD\www\bases\par/acces.par&login=abcd&password=adm&path_db=\ABCD\www\bases\&cttype=s&syspar=\ABCD\www\bases\par/syspar.par
**Tuesday 24th of September 2013 05:04:27 PM Operador: abcd
/central/common/inicio.php C:/ABCD/www/htdocs/central/dataentry/wxis/login.xis IsisScript=C:/ABCD/www/htdocs/central/dataentry/wxis/login.xis&base=acces&cipar=\ABCD\www\bases\par/acces.par&login=abcd&password=adm&path_db=\ABCD\www\bases\&cttype=s&syspar=\ABCD\www\bases\par/syspar.par
**Tuesday 24th of September 2013 05:08:12 PM Operador: abcd
/central/common/inicio.php C:/ABCD/www/htdocs/central/dataentry/wxis/login.xis IsisScript=C:/ABCD/www/htdocs/central/dataentry/wxis/login.xis&base=acces&cipar=\ABCD\www\bases\par/acces.par&login=abcd&password=adm&path_db=\ABCD\www\bases\&cttype=s&syspar=\ABCD\www\bases\par/syspar.par
**Tuesday 24th of September 2013 05:13:52 PM Operador: abcd
/central/dataentry/inicio_main.php C:/ABCD/www/htdocs/central/dataentry/wxis/login.xis IsisScript=C:/ABCD/www/htdocs/central/dataentry/wxis/login.xis&base=acces&cipar=\ABCD\www\bases\par/acces.par&login=abcd&password=adm&path_db=\ABCD\www\bases\&cttype=s&syspar=\ABCD\www\bases\par/syspar.par
**Tuesday 24th of September 2013 05:13:52 PM Operador: abcd
/central/dataentry/inicio_base.php C:/ABCD/www/htdocs/central/dataentry/wxis/administrar.xis IsisScript=C:/ABCD/www/htdocs/central/dataentry/wxis/administrar.xis&base=biblo&cipar=\ABCD\www\bases\par/biblo.par&Opcion=status&path_db=\ABCD\www\bases\&cttype=s&syspar=\ABCD\www\bases\par/syspar.par
**Tuesday 24th of September 2013 05:13:55 PM Operador: abcd
/central/dataentry/fmt.php C:/ABCD/www/htdocs/central/dataentry/wxis/buscar.xis IsisScript=C:/ABCD/www/htdocs/central/dataentry/wxis/buscar.xis&cipar=\ABCD\www\bases\par/biblo.par&Mfn=1&Opcion=ver&base=biblo&Formato=\ABCD\www\bases\biblo/pfts/en/abiblo&path_db=\ABCD\www\bases\&cttype=s&syspar=\ABCD\www\bases\par/syspar.par
**Tuesday 24th of September 2013 05:14:01 PM Operador: abcd
/central/dataentry/fmt.php C:/ABCD/www/htdocs/central/dataentry/wxis/buscar.xis IsisScript=C:/ABCD/www/htdocs/central/dataentry/wxis/buscar.xis&cipar=\ABCD\www\bases\par/biblo.par&Mfn=1&Opcion=ver&base=biblo&Formato=\ABCD\www\bases\biblo/pfts/en/abiblo&path_db=\ABCD\www\bases\&cttype=s&syspar=\ABCD\www\bases\par/syspar.par
**Tuesday 24th of September 2013 05:14:02 PM Operador: abcd
/central/dataentry/fmt.php C:/ABCD/www/htdocs/central/dataentry/wxis/buscar.xis IsisScript=C:/ABCD/www/htdocs/central/dataentry/wxis/buscar.xis&cipar=\ABCD\www\bases\par/biblo.par&Mfn=2&Opcion=ver&base=biblo&Formato=\ABCD\www\bases\biblo/pfts/en/abiblo&path_db=\ABCD\www\bases\&cttype=s&syspar=\ABCD\www\bases\par/syspar.par
**Tuesday 24th of September 2013 05:14:04 PM Operador: abcd
/central/dataentry/fmt.php C:/ABCD/www/htdocs/central/dataentry/wxis/buscar.xis IsisScript=C:/ABCD/www/htdocs/central/dataentry/wxis/buscar.xis&cipar=\ABCD\www\bases\par/biblo.par&Mfn=3&Opcion=ver&base=biblo&Formato=\ABCD\www\bases\biblo/pfts/en/abiblo&path_db=\ABCD\www\bases\&cttype=s&syspar=\ABCD\www\bases\par/syspar.par
**Tuesday 24th of September 2013 05:14:18 PM Operador: abcd
/central/dataentry/fmt.php C:/ABCD/www/htdocs/central/dataentry/wxis/buscar.xis IsisScript=C:/ABCD/www/htdocs/central/dataentry/wxis/buscar.xis&cipar=\ABCD\www\bases\par/biblo.par&Mfn=1&Opcion=ver&base=biblo&Formato=\ABCD\www\bases\biblo/pfts/en/abiblo&path_db=\ABCD\www\bases\&cttype=s&syspar=\ABCD\www\bases\par/syspar.par
**Tuesday 24th of September 2013 06:14:39 PM Operador: abcd
/central/dataentry/inicio_main.php C:/ABCD/www/htdocs/central/dataentry/wxis/login.xis IsisScript=C:/ABCD/www/htdocs/central/dataentry/wxis/login.xis&base=acces&cipar=\ABCD\www\bases\par/acces.par&login=abcd&password=adm&path_db=\ABCD\www\bases\&cttype=s&syspar=\ABCD\www\bases\par/syspar.par
**Tuesday 24th of September 2013 06:14:39 PM Operador: abcd
/central/dataentry/inicio_base.php C:/ABCD/www/htdocs/central/dataentry/wxis/administrar.xis IsisScript=C:/ABCD/www/htdocs/central/dataentry/wxis/administrar.xis&base=biblo&cipar=\ABCD\www\bases\par/biblo.par&Opcion=status&path_db=\ABCD\www\bases\&cttype=s&syspar=\ABCD\www\bases\par/syspar.par
**Tuesday 24th of September 2013 06:14:43 PM Operador: abcd
/central/dataentry/fmt.php C:/ABCD/www/htdocs/central/dataentry/wxis/buscar.xis IsisScript=C:/ABCD/www/htdocs/central/dataentry/wxis/buscar.xis&cipar=\ABCD\www\bases\par/biblo.par&Mfn=1&Opcion=ver&base=biblo&Formato=\ABCD\www\bases\biblo/pfts/en/abiblo&path_db=\ABCD\www\bases\&cttype=s&syspar=\ABCD\www\bases\par/syspar.par
**Tuesday 24th of September 2013 06:15:22 PM Operador: abcd
/central/dataentry/fmt.php C:/ABCD/www/htdocs/central/dataentry/wxis/buscar.xis IsisScript=C:/ABCD/www/htdocs/central/dataentry/wxis/buscar.xis&cipar=\ABCD\www\bases\par/biblo.par&Mfn=1&Opcion=ver&base=biblo&Formato=\ABCD\www\bases\biblo/pfts/en/abiblo&path_db=\ABCD\www\bases\&cttype=s&syspar=\ABCD\www\bases\par/syspar.par
**Tuesday 24th of September 2013 06:16:10 PM Operador: abcd
/central/dataentry/inicio_main.php C:/ABCD/www/htdocs/central/dataentry/wxis/login.xis IsisScript=C:/ABCD/www/htdocs/central/dataentry/wxis/login.xis&base=acces&cipar=\ABCD\www\bases\par/acces.par&login=abcd&password=adm&path_db=\ABCD\www\bases\&cttype=s&syspar=\ABCD\www\bases\par/syspar.par
**Tuesday 24th of September 2013 06:16:11 PM Operador: abcd
/central/dataentry/inicio_base.php C:/ABCD/www/htdocs/central/dataentry/wxis/administrar.xis IsisScript=C:/ABCD/www/htdocs/central/dataentry/wxis/administrar.xis&base=biblo&cipar=\ABCD\www\bases\par/biblo.par&Opcion=status&path_db=\ABCD\www\bases\&cttype=s&syspar=\ABCD\www\bases\par/syspar.par
**Tuesday 24th of September 2013 06:17:14 PM Operador: abcd
/central/dataentry/inicio_main.php C:/ABCD/www/htdocs/central/dataentry/wxis/login.xis IsisScript=C:/ABCD/www/htdocs/central/dataentry/wxis/login.xis&base=acces&cipar=\ABCD\www\bases\par/acces.par&login=abcd&password=adm&path_db=\ABCD\www\bases\&cttype=s&syspar=\ABCD\www\bases\par/syspar.par
**Tuesday 24th of September 2013 06:17:15 PM Operador: abcd
/central/dataentry/inicio_base.php C:/ABCD/www/htdocs/central/dataentry/wxis/administrar.xis IsisScript=C:/ABCD/www/htdocs/central/dataentry/wxis/administrar.xis&base=biblo&cipar=\ABCD\www\bases\par/biblo.par&Opcion=status&path_db=\ABCD\www\bases\&cttype=s&syspar=\ABCD\www\bases\par/syspar.par
**Tuesday 24th of September 2013 06:17:17 PM Operador: abcd
/central/dataentry/fmt.php C:/ABCD/www/htdocs/central/dataentry/wxis/buscar.xis IsisScript=C:/ABCD/www/htdocs/central/dataentry/wxis/buscar.xis&cipar=\ABCD\www\bases\par/biblo.par&Mfn=1&Opcion=ver&base=biblo&Formato=\ABCD\www\bases\biblo/pfts/es/abiblo&path_db=\ABCD\www\bases\&cttype=s&syspar=\ABCD\www\bases\par/syspar.par
**Tuesday 24th of September 2013 06:18:55 PM Operador: abcd
/central/dataentry/fmt.php C:/ABCD/www/htdocs/central/dataentry/wxis/buscar_ingreso.xis IsisScript=C:/ABCD/www/htdocs/central/dataentry/wxis/buscar_ingreso.xis&base=biblo&cipar=\ABCD\www\bases\par/biblo.par&Expresion=(TW_caracas)&count=1&from=1&Formato=\ABCD\www\bases\biblo/pfts/es/abiblo.pft&prologo=@prologoact.pft&epilogo=@epilogoact.pft&path_db=\ABCD\www\bases\&cttype=s&syspar=\ABCD\www\bases\par/syspar.par
**Tuesday 24th of September 2013 06:19:36 PM Operador: abcd
/central/dataentry/fmt.php C:/ABCD/www/htdocs/central/dataentry/wxis/buscar_ingreso.xis IsisScript=C:/ABCD/www/htdocs/central/dataentry/wxis/buscar_ingreso.xis&base=biblo&cipar=\ABCD\www\bases\par/biblo.par&Expresion=(TW_caracas)&count=1&from=1&Formato=\ABCD\www\bases\biblo/pfts/es/abiblo.pft&prologo=@prologoact.pft&epilogo=@epilogoact.pft&path_db=\ABCD\www\bases\&cttype=s&syspar=\ABCD\www\bases\par/syspar.par
**Tuesday 24th of September 2013 06:19:51 PM Operador: abcd
/central/dataentry/inicio_main.php C:/ABCD/www/htdocs/central/dataentry/wxis/login.xis IsisScript=C:/ABCD/www/htdocs/central/dataentry/wxis/login.xis&base=acces&cipar=\ABCD\www\bases\par/acces.par&login=abcd&password=adm&path_db=\ABCD\www\bases\&cttype=s&syspar=\ABCD\www\bases\par/syspar.par
**Tuesday 24th of September 2013 06:19:51 PM Operador: abcd
/central/dataentry/inicio_base.php C:/ABCD/www/htdocs/central/dataentry/wxis/administrar.xis IsisScript=C:/ABCD/www/htdocs/central/dataentry/wxis/administrar.xis&base=biblo&cipar=\ABCD\www\bases\par/biblo.par&Opcion=status&path_db=\ABCD\www\bases\&cttype=s&syspar=\ABCD\www\bases\par/syspar.par
